#
# There is insufficient memory for the Java Runtime Environment to continue.
# Native memory allocation (malloc) failed to allocate 1048576 bytes for AllocateHeap
# Possible reasons:
#   The system is out of physical RAM or swap space
#   The process is running with CompressedOops enabled, and the Java Heap may be blocking the growth of the native heap
# Possible solutions:
#   Reduce memory load on the system
#   Increase physical memory or swap space
#   Check if swap backing store is full
#   Decrease Java heap size (-Xmx/-Xms)
#   Decrease number of Java threads
#   Decrease Java thread stack sizes (-Xss)
#   Set larger code cache with -XX:ReservedCodeCacheSize=
#   JVM is running with Unscaled Compressed Oops mode in which the Java heap is
#     placed in the first 4GB address space. The Java Heap base address is the
#     maximum limit for the native heap growth. Please use -XX:HeapBaseMinAddress
#     to set the Java Heap base and to place the Java Heap above 4GB virtual address.
# This output file may be truncated or incomplete.
#
#  Out of Memory Error (allocation.cpp:44), pid=11240, tid=26032
#
# JRE version: OpenJDK Runtime Environment Temurin-17.0.8.1+1 (17.0.8.1+1) (build 17.0.8.1+1)
# Java VM: OpenJDK 64-Bit Server VM Temurin-17.0.8.1+1 (17.0.8.1+1, mixed mode, emulated-client, tiered, compressed oops, compressed class ptrs, g1 gc, windows-amd64)
# No core dump will be written. Minidumps are not enabled by default on client versions of Windows
#

---------------  S U M M A R Y ------------

Command Line: -XX:+HeapDumpOnOutOfMemoryError -Xmx1024m -Dsts.lsp.client=vscode -Dsts.log.file=/dev/null -XX:TieredStopAtLevel=1 -Xlog:jni+resolve=off -Dspring.config.location=file:c:\Users\donts\.vscode\extensions\vmware.vscode-spring-boot-1.49.0\language-server\BOOT-INF\classes\application.properties org.springframework.ide.vscode.boot.app.BootLanguageServerBootApp

Host: 11th Gen Intel(R) Core(TM) i5-11500 @ 2.70GHz, 12 cores, 15G,  Windows 11 , 64 bit Build 22621 (10.0.22621.2428)
Time: Sat Oct 28 03:10:22 2023  Windows 11 , 64 bit Build 22621 (10.0.22621.2428) elapsed time: 2645.560679 seconds (0d 0h 44m 5s)

---------------  T H R E A D  ---------------

Current thread (0x0000024dbd01a580):  VMThread "VM Thread" [stack: 0x000000d40d800000,0x000000d40d900000] [id=26032]

Stack: [0x000000d40d800000,0x000000d40d900000]
Native frames: (J=compiled Java code, j=interpreted, Vv=VM code, C=native code)
V  [jvm.dll+0x678b0a]
V  [jvm.dll+0x835e84]
V  [jvm.dll+0x83762e]
V  [jvm.dll+0x837c93]
V  [jvm.dll+0x24746f]
V  [jvm.dll+0xa697b]
V  [jvm.dll+0x2f7eb3]
V  [jvm.dll+0x2f3b80]
V  [jvm.dll+0x2dc1c7]
V  [jvm.dll+0x31f227]
V  [jvm.dll+0x83c15b]
V  [jvm.dll+0x83ce94]
V  [jvm.dll+0x83d3ac]
V  [jvm.dll+0x83d784]
V  [jvm.dll+0x83d850]
V  [jvm.dll+0x7e64ca]
V  [jvm.dll+0x677955]
C  [ucrtbase.dll+0x29363]
C  [KERNEL32.DLL+0x1257d]
C  [ntdll.dll+0x5aa78]

VM_Operation (0x000000d40f3fe9c0): G1CollectFull, mode: safepoint, requested by thread 0x0000024dbe956880


---------------  P R O C E S S  ---------------

Threads class SMR info:
_java_thread_list=0x0000024dbeafab20, length=19, elements={
0x0000024db8e4d240, 0x0000024db8e4dd10, 0x0000024dbd03ea40, 0x0000024dbd03f410,
0x0000024dbd03fce0, 0x0000024dbd086860, 0x0000024dbd0898e0, 0x0000024dbd08a990,
0x0000024dbd282af0, 0x0000024dbd295010, 0x0000024dbe816180, 0x0000024dbe956880,
0x0000024dbe96ce80, 0x0000024dadbb3210, 0x0000024dbe98e9b0, 0x0000024dbe9cae50,
0x0000024dbe9d3ad0, 0x0000024dbe9d1250, 0x0000024dbe9d0320
}

Java Threads: ( => current thread )
  0x0000024db8e4d240 JavaThread "Reference Handler" daemon [_thread_blocked, id=2220, stack(0x000000d40d900000,0x000000d40da00000)]
  0x0000024db8e4dd10 JavaThread "Finalizer" daemon [_thread_blocked, id=30012, stack(0x000000d40da00000,0x000000d40db00000)]
  0x0000024dbd03ea40 JavaThread "Signal Dispatcher" daemon [_thread_blocked, id=19632, stack(0x000000d40db00000,0x000000d40dc00000)]
  0x0000024dbd03f410 JavaThread "Attach Listener" daemon [_thread_blocked, id=8724, stack(0x000000d40dc00000,0x000000d40dd00000)]
  0x0000024dbd03fce0 JavaThread "Service Thread" daemon [_thread_blocked, id=16872, stack(0x000000d40dd00000,0x000000d40de00000)]
  0x0000024dbd086860 JavaThread "Monitor Deflation Thread" daemon [_thread_blocked, id=21184, stack(0x000000d40de00000,0x000000d40df00000)]
  0x0000024dbd0898e0 JavaThread "C1 CompilerThread0" daemon [_thread_blocked, id=24152, stack(0x000000d40df00000,0x000000d40e000000)]
  0x0000024dbd08a990 JavaThread "Sweeper thread" daemon [_thread_blocked, id=4544, stack(0x000000d40e000000,0x000000d40e100000)]
  0x0000024dbd282af0 JavaThread "Notification Thread" daemon [_thread_blocked, id=16752, stack(0x000000d40e200000,0x000000d40e300000)]
  0x0000024dbd295010 JavaThread "Common-Cleaner" daemon [_thread_blocked, id=26432, stack(0x000000d40e400000,0x000000d40e500000)]
  0x0000024dbe816180 JavaThread "boundedElastic-evictor-1" daemon [_thread_blocked, id=2528, stack(0x000000d40ee00000,0x000000d40ef00000)]
  0x0000024dbe956880 JavaThread "pool-11-thread-1" [_thread_blocked, id=13584, stack(0x000000d40f300000,0x000000d40f400000)]
  0x0000024dbe96ce80 JavaThread "LanguageServerApp-lifecycle" [_thread_blocked, id=31508, stack(0x000000d40f400000,0x000000d40f500000)]
  0x0000024dadbb3210 JavaThread "DestroyJavaVM" [_thread_blocked, id=22212, stack(0x000000d40d200000,0x000000d40d300000)]
  0x0000024dbe98e9b0 JavaThread "pool-12-thread-1" [_thread_in_native, id=8736, stack(0x000000d40f500000,0x000000d40f600000)]
  0x0000024dbe9cae50 JavaThread "Simple-Language-Server main thread" daemon [_thread_blocked, id=31976, stack(0x000000d40f600000,0x000000d40f700000)]
  0x0000024dbe9d3ad0 JavaThread "parallel-1" daemon [_thread_blocked, id=26684, stack(0x000000d40f900000,0x000000d40fa00000)]
  0x0000024dbe9d1250 JavaThread "pool-5-thread-1" [_thread_blocked, id=19076, stack(0x000000d40fa00000,0x000000d40fb00000)]
  0x0000024dbe9d0320 JavaThread "parallel-2" daemon [_thread_blocked, id=13492, stack(0x000000d40fb00000,0x000000d40fc00000)]

Other Threads:
=>0x0000024dbd01a580 VMThread "VM Thread" [stack: 0x000000d40d800000,0x000000d40d900000] [id=26032]
  0x0000024dbd282fd0 WatcherThread [stack: 0x000000d40e300000,0x000000d40e400000] [id=31636]
  0x0000024dadbef820 GCTaskThread "GC Thread#0" [stack: 0x000000d40d300000,0x000000d40d400000] [id=23100]
  0x0000024dbdc9b980 GCTaskThread "GC Thread#1" [stack: 0x000000d40e700000,0x000000d40e800000] [id=16408]
  0x0000024dbdc060b0 GCTaskThread "GC Thread#2" [stack: 0x000000d40e800000,0x000000d40e900000] [id=6136]
  0x0000024dbdc06370 GCTaskThread "GC Thread#3" [stack: 0x000000d40e900000,0x000000d40ea00000] [id=29208]
  0x0000024dbdc06a40 GCTaskThread "GC Thread#4" [stack: 0x000000d40ea00000,0x000000d40eb00000] [id=24440]
  0x0000024dbdc06d00 GCTaskThread "GC Thread#5" [stack: 0x000000d40eb00000,0x000000d40ec00000] [id=31188]
  0x0000024dbdf135f0 GCTaskThread "GC Thread#6" [stack: 0x000000d40ec00000,0x000000d40ed00000] [id=22700]
  0x0000024dbdf138b0 GCTaskThread "GC Thread#7" [stack: 0x000000d40ed00000,0x000000d40ee00000] [id=19432]
  0x0000024dbe220f70 GCTaskThread "GC Thread#8" [stack: 0x000000d40ef00000,0x000000d40f000000] [id=20236]
  0x0000024dbe1f1c00 GCTaskThread "GC Thread#9" [stack: 0x000000d40f000000,0x000000d40f100000] [id=31552]
  0x0000024dadbf8680 ConcurrentGCThread "G1 Main Marker" [stack: 0x000000d40d400000,0x000000d40d500000] [id=17092]
  0x0000024dadbf8fa0 ConcurrentGCThread "G1 Conc#0" [stack: 0x000000d40d500000,0x000000d40d600000] [id=33436]
  0x0000024dbe1aaaa0 ConcurrentGCThread "G1 Conc#1" [stack: 0x000000d40f100000,0x000000d40f200000] [id=20412]
  0x0000024dbe1c8070 ConcurrentGCThread "G1 Conc#2" [stack: 0x000000d40f200000,0x000000d40f300000] [id=13996]
  0x0000024dadc5dc80 ConcurrentGCThread "G1 Refine#0" [stack: 0x000000d40d600000,0x000000d40d700000] [id=16608]
  0x0000024db8cce150 ConcurrentGCThread "G1 Service" [stack: 0x000000d40d700000,0x000000d40d800000] [id=22616]

Threads with active compile tasks:

VM state: at safepoint (normal execution)

VM Mutex/Monitor currently owned by a thread:  ([mutex/lock_event])
[0x0000024dadbaf910] Threads_lock - owner thread: 0x0000024dbd01a580
[0x0000024dadbae440] Heap_lock - owner thread: 0x0000024dbe956880

Heap address: 0x00000000c0000000, size: 1024 MB, Compressed Oops mode: 32-bit

CDS archive(s) not mapped
Compressed class space mapped at: 0x0000000100000000-0x0000000140000000, reserved size: 1073741824
Narrow klass base: 0x0000000000000000, Narrow klass shift: 3, Narrow klass range: 0x140000000

GC Precious Log:
 CPUs: 12 total, 12 available
 Memory: 16080M
 Large Page Support: Disabled
 NUMA Support: Disabled
 Compressed Oops: Enabled (32-bit)
 Heap Region Size: 1M
 Heap Min Capacity: 8M
 Heap Initial Capacity: 252M
 Heap Max Capacity: 1G
 Pre-touch: Disabled
 Parallel Workers: 10
 Concurrent Workers: 3
 Concurrent Refinement Workers: 10
 Periodic GC: Disabled

Heap:
 garbage-first heap   total 71680K, used 20068K [0x00000000c0000000, 0x0000000100000000)
  region size 1024K, 1 young (1024K), 0 survivors (0K)
 Metaspace       used 45007K, committed 45696K, reserved 1114112K
  class space    used 5995K, committed 6272K, reserved 1048576K

Heap Regions: E=young(eden), S=young(survivor), O=old, HS=humongous(starts), HC=humongous(continues), CS=collection set, F=free, OA=open archive, CA=closed archive, TAMS=top-at-mark-start (previous, next)
|   0|0x00000000c0000000, 0x00000000c0100000, 0x00000000c0100000|100%| O|  |TAMS 0x00000000c0100000, 0x00000000c0000000| Untracked 
|   1|0x00000000c0100000, 0x00000000c0200000, 0x00000000c0200000|100%| O|  |TAMS 0x00000000c0200000, 0x00000000c0100000| Untracked 
|   2|0x00000000c0200000, 0x00000000c0300000, 0x00000000c0300000|100%| O|  |TAMS 0x00000000c0300000, 0x00000000c0200000| Untracked 
|   3|0x00000000c0300000, 0x00000000c03fffd8, 0x00000000c0400000| 99%| O|  |TAMS 0x00000000c03fffd8, 0x00000000c0300000| Untracked 
|   4|0x00000000c0400000, 0x00000000c0500000, 0x00000000c0500000|100%| O|  |TAMS 0x00000000c0500000, 0x00000000c0400000| Untracked 
|   5|0x00000000c0500000, 0x00000000c0600000, 0x00000000c0600000|100%| O|  |TAMS 0x00000000c0600000, 0x00000000c0500000| Untracked 
|   6|0x00000000c0600000, 0x00000000c0700000, 0x00000000c0700000|100%| O|  |TAMS 0x00000000c0700000, 0x00000000c0600000| Untracked 
|   7|0x00000000c0700000, 0x00000000c0800000, 0x00000000c0800000|100%| O|  |TAMS 0x00000000c0800000, 0x00000000c0700000| Untracked 
|   8|0x00000000c0800000, 0x00000000c0900000, 0x00000000c0900000|100%| O|  |TAMS 0x00000000c0900000, 0x00000000c0800000| Untracked 
|   9|0x00000000c0900000, 0x00000000c0a00000, 0x00000000c0a00000|100%| O|  |TAMS 0x00000000c0a00000, 0x00000000c0900000| Untracked 
|  10|0x00000000c0a00000, 0x00000000c0afffe0, 0x00000000c0b00000| 99%| O|  |TAMS 0x00000000c0afffe0, 0x00000000c0a00000| Untracked 
|  11|0x00000000c0b00000, 0x00000000c0bfffe0, 0x00000000c0c00000| 99%| O|  |TAMS 0x00000000c0bfffe0, 0x00000000c0b00000| Untracked 
|  12|0x00000000c0c00000, 0x00000000c0cfffb8, 0x00000000c0d00000| 99%| O|  |TAMS 0x00000000c0cfffb8, 0x00000000c0c00000| Untracked 
|  13|0x00000000c0d00000, 0x00000000c0e00000, 0x00000000c0e00000|100%| O|  |TAMS 0x00000000c0e00000, 0x00000000c0d00000| Untracked 
|  14|0x00000000c0e00000, 0x00000000c0efffe0, 0x00000000c0f00000| 99%| O|  |TAMS 0x00000000c0efffe0, 0x00000000c0e00000| Untracked 
|  15|0x00000000c0f00000, 0x00000000c0fffff0, 0x00000000c1000000| 99%| O|  |TAMS 0x00000000c0fffff0, 0x00000000c0f00000| Untracked 
|  16|0x00000000c1000000, 0x00000000c10ffff0, 0x00000000c1100000| 99%| O|  |TAMS 0x00000000c10ffff0, 0x00000000c1000000| Untracked 
|  17|0x00000000c1100000, 0x00000000c11ffff8, 0x00000000c1200000| 99%| O|  |TAMS 0x00000000c11ffff8, 0x00000000c1100000| Untracked 
|  18|0x00000000c1200000, 0x00000000c128ee70, 0x00000000c1300000| 55%| O|  |TAMS 0x00000000c1200000, 0x00000000c1200000| Untracked 
|  19|0x00000000c1300000, 0x00000000c13ffff8, 0x00000000c1400000| 99%| O|  |TAMS 0x00000000c13ffff8, 0x00000000c1300000| Untracked 
|  20|0x00000000c1400000, 0x00000000c140a550, 0x00000000c1500000|  4%| O|  |TAMS 0x00000000c1400000, 0x00000000c1400000| Untracked 
|  21|0x00000000c1500000, 0x00000000c1500000, 0x00000000c1600000|  0%| F|  |TAMS 0x00000000c1500000, 0x00000000c1500000| Untracked 
|  22|0x00000000c1600000, 0x00000000c1600000, 0x00000000c1700000|  0%| F|  |TAMS 0x00000000c1600000, 0x00000000c1600000| Untracked 
|  23|0x00000000c1700000, 0x00000000c1700000, 0x00000000c1800000|  0%| F|  |TAMS 0x00000000c1700000, 0x00000000c1700000| Untracked 
|  24|0x00000000c1800000, 0x00000000c1800000, 0x00000000c1900000|  0%| F|  |TAMS 0x00000000c1800000, 0x00000000c1800000| Untracked 
|  25|0x00000000c1900000, 0x00000000c1900000, 0x00000000c1a00000|  0%| F|  |TAMS 0x00000000c1900000, 0x00000000c1900000| Untracked 
|  26|0x00000000c1a00000, 0x00000000c1a00000, 0x00000000c1b00000|  0%| F|  |TAMS 0x00000000c1a00000, 0x00000000c1a00000| Untracked 
|  27|0x00000000c1b00000, 0x00000000c1b00000, 0x00000000c1c00000|  0%| F|  |TAMS 0x00000000c1b00000, 0x00000000c1b00000| Untracked 
|  28|0x00000000c1c00000, 0x00000000c1c00000, 0x00000000c1d00000|  0%| F|  |TAMS 0x00000000c1c00000, 0x00000000c1c00000| Untracked 
|  29|0x00000000c1d00000, 0x00000000c1d00000, 0x00000000c1e00000|  0%| F|  |TAMS 0x00000000c1d00000, 0x00000000c1d00000| Untracked 
|  30|0x00000000c1e00000, 0x00000000c1e00000, 0x00000000c1f00000|  0%| F|  |TAMS 0x00000000c1e00000, 0x00000000c1e00000| Untracked 
|  31|0x00000000c1f00000, 0x00000000c1f00000, 0x00000000c2000000|  0%| F|  |TAMS 0x00000000c1f00000, 0x00000000c1f00000| Untracked 
|  32|0x00000000c2000000, 0x00000000c2000000, 0x00000000c2100000|  0%| F|  |TAMS 0x00000000c2000000, 0x00000000c2000000| Untracked 
|  33|0x00000000c2100000, 0x00000000c2100000, 0x00000000c2200000|  0%| F|  |TAMS 0x00000000c2100000, 0x00000000c2100000| Untracked 
|  34|0x00000000c2200000, 0x00000000c2200000, 0x00000000c2300000|  0%| F|  |TAMS 0x00000000c2200000, 0x00000000c2200000| Untracked 
|  35|0x00000000c2300000, 0x00000000c2300000, 0x00000000c2400000|  0%| F|  |TAMS 0x00000000c2300000, 0x00000000c2300000| Untracked 
|  36|0x00000000c2400000, 0x00000000c2400000, 0x00000000c2500000|  0%| F|  |TAMS 0x00000000c2400000, 0x00000000c2400000| Untracked 
|  37|0x00000000c2500000, 0x00000000c2500000, 0x00000000c2600000|  0%| F|  |TAMS 0x00000000c2500000, 0x00000000c2500000| Untracked 
|  38|0x00000000c2600000, 0x00000000c2600000, 0x00000000c2700000|  0%| F|  |TAMS 0x00000000c2600000, 0x00000000c2600000| Untracked 
|  39|0x00000000c2700000, 0x00000000c2700000, 0x00000000c2800000|  0%| F|  |TAMS 0x00000000c2700000, 0x00000000c2700000| Untracked 
|  40|0x00000000c2800000, 0x00000000c2800000, 0x00000000c2900000|  0%| F|  |TAMS 0x00000000c2800000, 0x00000000c2800000| Untracked 
|  41|0x00000000c2900000, 0x00000000c2900000, 0x00000000c2a00000|  0%| F|  |TAMS 0x00000000c2900000, 0x00000000c2900000| Untracked 
|  42|0x00000000c2a00000, 0x00000000c2a00000, 0x00000000c2b00000|  0%| F|  |TAMS 0x00000000c2a00000, 0x00000000c2a00000| Untracked 
|  43|0x00000000c2b00000, 0x00000000c2b00000, 0x00000000c2c00000|  0%| F|  |TAMS 0x00000000c2b00000, 0x00000000c2b00000| Untracked 
|  44|0x00000000c2c00000, 0x00000000c2c00000, 0x00000000c2d00000|  0%| F|  |TAMS 0x00000000c2c00000, 0x00000000c2c00000| Untracked 
|  45|0x00000000c2d00000, 0x00000000c2d00000, 0x00000000c2e00000|  0%| F|  |TAMS 0x00000000c2d00000, 0x00000000c2d00000| Untracked 
|  46|0x00000000c2e00000, 0x00000000c2e00000, 0x00000000c2f00000|  0%| F|  |TAMS 0x00000000c2e00000, 0x00000000c2e00000| Untracked 
|  47|0x00000000c2f00000, 0x00000000c2f00000, 0x00000000c3000000|  0%| F|  |TAMS 0x00000000c2f00000, 0x00000000c2f00000| Untracked 
|  48|0x00000000c3000000, 0x00000000c3000000, 0x00000000c3100000|  0%| F|  |TAMS 0x00000000c3000000, 0x00000000c3000000| Untracked 
|  49|0x00000000c3100000, 0x00000000c3100000, 0x00000000c3200000|  0%| F|  |TAMS 0x00000000c3100000, 0x00000000c3100000| Untracked 
|  50|0x00000000c3200000, 0x00000000c3200000, 0x00000000c3300000|  0%| F|  |TAMS 0x00000000c3200000, 0x00000000c3200000| Untracked 
|  51|0x00000000c3300000, 0x00000000c3300000, 0x00000000c3400000|  0%| F|  |TAMS 0x00000000c3300000, 0x00000000c3300000| Untracked 
|  52|0x00000000c3400000, 0x00000000c3400000, 0x00000000c3500000|  0%| F|  |TAMS 0x00000000c3400000, 0x00000000c3400000| Untracked 
|  53|0x00000000c3500000, 0x00000000c3500000, 0x00000000c3600000|  0%| F|  |TAMS 0x00000000c3500000, 0x00000000c3500000| Untracked 
|  54|0x00000000c3600000, 0x00000000c3600000, 0x00000000c3700000|  0%| F|  |TAMS 0x00000000c3600000, 0x00000000c3600000| Untracked 
|  55|0x00000000c3700000, 0x00000000c3700000, 0x00000000c3800000|  0%| F|  |TAMS 0x00000000c3700000, 0x00000000c3700000| Untracked 
|  56|0x00000000c3800000, 0x00000000c3800000, 0x00000000c3900000|  0%| F|  |TAMS 0x00000000c3800000, 0x00000000c3800000| Untracked 
|  57|0x00000000c3900000, 0x00000000c3900000, 0x00000000c3a00000|  0%| F|  |TAMS 0x00000000c3900000, 0x00000000c3900000| Untracked 
|  58|0x00000000c3a00000, 0x00000000c3a00000, 0x00000000c3b00000|  0%| F|  |TAMS 0x00000000c3a00000, 0x00000000c3a00000| Untracked 
|  59|0x00000000c3b00000, 0x00000000c3b00000, 0x00000000c3c00000|  0%| F|  |TAMS 0x00000000c3b00000, 0x00000000c3b00000| Untracked 
|  60|0x00000000c3c00000, 0x00000000c3c00000, 0x00000000c3d00000|  0%| F|  |TAMS 0x00000000c3c00000, 0x00000000c3c00000| Untracked 
|  61|0x00000000c3d00000, 0x00000000c3d00000, 0x00000000c3e00000|  0%| F|  |TAMS 0x00000000c3d00000, 0x00000000c3d00000| Untracked 
|  62|0x00000000c3e00000, 0x00000000c3e00000, 0x00000000c3f00000|  0%| F|  |TAMS 0x00000000c3e00000, 0x00000000c3e00000| Untracked 
|  63|0x00000000c3f00000, 0x00000000c3f00000, 0x00000000c4000000|  0%| F|  |TAMS 0x00000000c3f00000, 0x00000000c3f00000| Untracked 
|  64|0x00000000c4000000, 0x00000000c4000000, 0x00000000c4100000|  0%| F|  |TAMS 0x00000000c4000000, 0x00000000c4000000| Untracked 
|  65|0x00000000c4100000, 0x00000000c4100000, 0x00000000c4200000|  0%| F|  |TAMS 0x00000000c4100000, 0x00000000c4100000| Untracked 
|  66|0x00000000c4200000, 0x00000000c4200000, 0x00000000c4300000|  0%| F|  |TAMS 0x00000000c4200000, 0x00000000c4200000| Untracked 
|  67|0x00000000c4300000, 0x00000000c4300000, 0x00000000c4400000|  0%| F|  |TAMS 0x00000000c4300000, 0x00000000c4300000| Untracked 
|  68|0x00000000c4400000, 0x00000000c4400000, 0x00000000c4500000|  0%| F|  |TAMS 0x00000000c4400000, 0x00000000c4400000| Untracked 
|  69|0x00000000c4500000, 0x00000000c452fa08, 0x00000000c4600000| 18%| E|  |TAMS 0x00000000c4500000, 0x00000000c4500000| Complete 

Card table byte_map: [0x0000024db3d50000,0x0000024db3f50000] _byte_map_base: 0x0000024db3750000

Marking Bits (Prev, Next): (CMBitMap*) 0x0000024dadbefd90, (CMBitMap*) 0x0000024dadbefd50
 Prev Bits: [0x0000024db5150000, 0x0000024db6150000)
 Next Bits: [0x0000024db4150000, 0x0000024db5150000)

Polling page: 0x0000024dad360000

Metaspace:

Usage:
  Non-class:     38.10 MB used.
      Class:      5.86 MB used.
       Both:     43.95 MB used.

Virtual space:
  Non-class space:       64.00 MB reserved,      38.50 MB ( 60%) committed,  1 nodes.
      Class space:        1.00 GB reserved,       6.12 MB ( <1%) committed,  1 nodes.
             Both:        1.06 GB reserved,      44.62 MB (  4%) committed. 

Chunk freelists:
   Non-Class:  9.69 MB
       Class:  9.99 MB
        Both:  19.68 MB

MaxMetaspaceSize: unlimited
CompressedClassSpaceSize: 1.00 GB
Initial GC threshold: 21.00 MB
Current GC threshold: 74.38 MB
CDS: off
MetaspaceReclaimPolicy: balanced
 - commit_granule_bytes: 65536.
 - commit_granule_words: 8192.
 - virtual_space_node_default_size: 8388608.
 - enlarge_chunks_in_place: 1.
 - new_chunks_are_fully_committed: 0.
 - uncommit_free_chunks: 1.
 - use_allocation_guard: 0.
 - handle_deallocations: 1.


Internal statistics:

num_allocs_failed_limit: 6.
num_arena_births: 562.
num_arena_deaths: 186.
num_vsnodes_births: 2.
num_vsnodes_deaths: 0.
num_space_committed: 714.
num_space_uncommitted: 0.
num_chunks_returned_to_freelist: 225.
num_chunks_taken_from_freelist: 1864.
num_chunk_merges: 70.
num_chunk_splits: 1265.
num_chunks_enlarged: 939.
num_inconsistent_stats: 0.

CodeCache: size=49152Kb used=9067Kb max_used=10708Kb free=40085Kb
 bounds [0x0000024db0820000, 0x0000024db1320000, 0x0000024db3820000]
 total_blobs=5559 nmethods=4962 adapters=524
 compilation: enabled
              stopped_count=0, restarted_count=0
 full_count=0

Compilation events (20 events):
Event: 2541.770 Thread 0x0000024dbd0898e0 4953       1       java.lang.invoke.LambdaForm$MH/0x0000000100089000::invoke (27 bytes)
Event: 2541.771 Thread 0x0000024dbd0898e0 nmethod 4953 0x0000024db0b6f390 code [0x0000024db0b6f540, 0x0000024db0b6f698]
Event: 2541.771 Thread 0x0000024dbd0898e0 4954       1       java.lang.StringConcatHelper::newArrayWithSuffix (40 bytes)
Event: 2541.771 Thread 0x0000024dbd0898e0 nmethod 4954 0x0000024db0b6ed90 code [0x0000024db0b6ef60, 0x0000024db0b6f1d8]
Event: 2555.188 Thread 0x0000024dbd0898e0 4955       1       java.time.Clock$TickClock::millis (23 bytes)
Event: 2555.189 Thread 0x0000024dbd0898e0 nmethod 4955 0x0000024db0b6e910 code [0x0000024db0b6eac0, 0x0000024db0b6ec68]
Event: 2555.189 Thread 0x0000024dbd0898e0 4956       1       java.time.Clock$SystemClock::millis (4 bytes)
Event: 2555.189 Thread 0x0000024dbd0898e0 nmethod 4956 0x0000024db0b6e610 code [0x0000024db0b6e7a0, 0x0000024db0b6e878]
Event: 2565.190 Thread 0x0000024dbd0898e0 4958       1       reactor.core.scheduler.BoundedElasticScheduler$BoundedServices::eviction (90 bytes)
Event: 2565.192 Thread 0x0000024dbd0898e0 nmethod 4958 0x0000024db0b6de10 code [0x0000024db0b6e000, 0x0000024db0b6e388]
Event: 2565.192 Thread 0x0000024dbd0898e0 4960       1       java.util.concurrent.ConcurrentLinkedDeque::toArrayInternal (141 bytes)
Event: 2565.193 Thread 0x0000024dbd0898e0 nmethod 4960 0x0000024db0b6d290 code [0x0000024db0b6d480, 0x0000024db0b6db58]
Event: 2565.193 Thread 0x0000024dbd0898e0 4957       1       reactor.core.scheduler.BoundedElasticScheduler$$Lambda$632/0x00000001004b6bd8::run (8 bytes)
Event: 2565.193 Thread 0x0000024dbd0898e0 nmethod 4957 0x0000024db0b6cf90 code [0x0000024db0b6d120, 0x0000024db0b6d208]
Event: 2565.193 Thread 0x0000024dbd0898e0 4959       1       java.util.concurrent.ConcurrentLinkedDeque::toArray (6 bytes)
Event: 2565.193 Thread 0x0000024dbd0898e0 nmethod 4959 0x0000024db0b6cc90 code [0x0000024db0b6ce20, 0x0000024db0b6cf08]
Event: 2593.029 Thread 0x0000024dbd0898e0 4961       1       org.springframework.ide.vscode.commons.languageserver.util.ParentProcessWatcher::run (36 bytes)
Event: 2593.030 Thread 0x0000024dbd0898e0 nmethod 4961 0x0000024db0b6c510 code [0x0000024db0b6c700, 0x0000024db0b6ca18]
Event: 2593.030 Thread 0x0000024dbd0898e0 4962   !   1       org.springframework.ide.vscode.commons.languageserver.util.ParentProcessWatcher::parentProcessStillRunning (413 bytes)
Event: 2593.036 Thread 0x0000024dbd0898e0 nmethod 4962 0x0000024db0b66b10 code [0x0000024db0b67340, 0x0000024db0b6a508]

GC Heap History (20 events):
Event: 2541.988 GC heap before
{Heap before GC invocations=98 (full 87):
 garbage-first heap   total 71680K, used 20076K [0x00000000c0000000, 0x0000000100000000)
  region size 1024K, 1 young (1024K), 0 survivors (0K)
 Metaspace       used 45007K, committed 45696K, reserved 1114112K
  class space    used 5995K, committed 6272K, reserved 1048576K
}
Event: 2542.005 GC heap after
{Heap after GC invocations=99 (full 88):
 garbage-first heap   total 71680K, used 20076K [0x00000000c0000000, 0x0000000100000000)
  region size 1024K, 0 young (0K), 0 survivors (0K)
 Metaspace       used 45007K, committed 45696K, reserved 1114112K
  class space    used 5995K, committed 6272K, reserved 1048576K
}
Event: 2552.236 GC heap before
{Heap before GC invocations=99 (full 88):
 garbage-first heap   total 71680K, used 20076K [0x00000000c0000000, 0x0000000100000000)
  region size 1024K, 1 young (1024K), 0 survivors (0K)
 Metaspace       used 45007K, committed 45696K, reserved 1114112K
  class space    used 5995K, committed 6272K, reserved 1048576K
}
Event: 2552.257 GC heap after
{Heap after GC invocations=100 (full 89):
 garbage-first heap   total 71680K, used 20076K [0x00000000c0000000, 0x0000000100000000)
  region size 1024K, 0 young (0K), 0 survivors (0K)
 Metaspace       used 45007K, committed 45696K, reserved 1114112K
  class space    used 5995K, committed 6272K, reserved 1048576K
}
Event: 2562.501 GC heap before
{Heap before GC invocations=100 (full 89):
 garbage-first heap   total 71680K, used 20076K [0x00000000c0000000, 0x0000000100000000)
  region size 1024K, 1 young (1024K), 0 survivors (0K)
 Metaspace       used 45007K, committed 45696K, reserved 1114112K
  class space    used 5995K, committed 6272K, reserved 1048576K
}
Event: 2562.519 GC heap after
{Heap after GC invocations=101 (full 90):
 garbage-first heap   total 71680K, used 20076K [0x00000000c0000000, 0x0000000100000000)
  region size 1024K, 0 young (0K), 0 survivors (0K)
 Metaspace       used 45007K, committed 45696K, reserved 1114112K
  class space    used 5995K, committed 6272K, reserved 1048576K
}
Event: 2572.758 GC heap before
{Heap before GC invocations=101 (full 90):
 garbage-first heap   total 71680K, used 20076K [0x00000000c0000000, 0x0000000100000000)
  region size 1024K, 1 young (1024K), 0 survivors (0K)
 Metaspace       used 45007K, committed 45696K, reserved 1114112K
  class space    used 5995K, committed 6272K, reserved 1048576K
}
Event: 2572.775 GC heap after
{Heap after GC invocations=102 (full 91):
 garbage-first heap   total 71680K, used 20076K [0x00000000c0000000, 0x0000000100000000)
  region size 1024K, 0 young (0K), 0 survivors (0K)
 Metaspace       used 45007K, committed 45696K, reserved 1114112K
  class space    used 5995K, committed 6272K, reserved 1048576K
}
Event: 2583.000 GC heap before
{Heap before GC invocations=102 (full 91):
 garbage-first heap   total 71680K, used 20076K [0x00000000c0000000, 0x0000000100000000)
  region size 1024K, 1 young (1024K), 0 survivors (0K)
 Metaspace       used 45007K, committed 45696K, reserved 1114112K
  class space    used 5995K, committed 6272K, reserved 1048576K
}
Event: 2583.017 GC heap after
{Heap after GC invocations=103 (full 92):
 garbage-first heap   total 71680K, used 20076K [0x00000000c0000000, 0x0000000100000000)
  region size 1024K, 0 young (0K), 0 survivors (0K)
 Metaspace       used 45007K, committed 45696K, reserved 1114112K
  class space    used 5995K, committed 6272K, reserved 1048576K
}
Event: 2593.252 GC heap before
{Heap before GC invocations=103 (full 92):
 garbage-first heap   total 71680K, used 20076K [0x00000000c0000000, 0x0000000100000000)
  region size 1024K, 1 young (1024K), 0 survivors (0K)
 Metaspace       used 45007K, committed 45696K, reserved 1114112K
  class space    used 5995K, committed 6272K, reserved 1048576K
}
Event: 2593.272 GC heap after
{Heap after GC invocations=104 (full 93):
 garbage-first heap   total 71680K, used 20077K [0x00000000c0000000, 0x0000000100000000)
  region size 1024K, 0 young (0K), 0 survivors (0K)
 Metaspace       used 45007K, committed 45696K, reserved 1114112K
  class space    used 5995K, committed 6272K, reserved 1048576K
}
Event: 2603.602 GC heap before
{Heap before GC invocations=104 (full 93):
 garbage-first heap   total 71680K, used 20077K [0x00000000c0000000, 0x0000000100000000)
  region size 1024K, 1 young (1024K), 0 survivors (0K)
 Metaspace       used 45007K, committed 45696K, reserved 1114112K
  class space    used 5995K, committed 6272K, reserved 1048576K
}
Event: 2603.622 GC heap after
{Heap after GC invocations=105 (full 94):
 garbage-first heap   total 71680K, used 20068K [0x00000000c0000000, 0x0000000100000000)
  region size 1024K, 0 young (0K), 0 survivors (0K)
 Metaspace       used 45007K, committed 45696K, reserved 1114112K
  class space    used 5995K, committed 6272K, reserved 1048576K
}
Event: 2613.870 GC heap before
{Heap before GC invocations=105 (full 94):
 garbage-first heap   total 71680K, used 20068K [0x00000000c0000000, 0x0000000100000000)
  region size 1024K, 1 young (1024K), 0 survivors (0K)
 Metaspace       used 45007K, committed 45696K, reserved 1114112K
  class space    used 5995K, committed 6272K, reserved 1048576K
}
Event: 2613.890 GC heap after
{Heap after GC invocations=106 (full 95):
 garbage-first heap   total 71680K, used 20068K [0x00000000c0000000, 0x0000000100000000)
  region size 1024K, 0 young (0K), 0 survivors (0K)
 Metaspace       used 45007K, committed 45696K, reserved 1114112K
  class space    used 5995K, committed 6272K, reserved 1048576K
}
Event: 2624.337 GC heap before
{Heap before GC invocations=106 (full 95):
 garbage-first heap   total 71680K, used 20068K [0x00000000c0000000, 0x0000000100000000)
  region size 1024K, 1 young (1024K), 0 survivors (0K)
 Metaspace       used 45007K, committed 45696K, reserved 1114112K
  class space    used 5995K, committed 6272K, reserved 1048576K
}
Event: 2624.369 GC heap after
{Heap after GC invocations=107 (full 96):
 garbage-first heap   total 71680K, used 20068K [0x00000000c0000000, 0x0000000100000000)
  region size 1024K, 0 young (0K), 0 survivors (0K)
 Metaspace       used 45007K, committed 45696K, reserved 1114112K
  class space    used 5995K, committed 6272K, reserved 1048576K
}
Event: 2634.820 GC heap before
{Heap before GC invocations=107 (full 96):
 garbage-first heap   total 71680K, used 20068K [0x00000000c0000000, 0x0000000100000000)
  region size 1024K, 1 young (1024K), 0 survivors (0K)
 Metaspace       used 45007K, committed 45696K, reserved 1114112K
  class space    used 5995K, committed 6272K, reserved 1048576K
}
Event: 2634.852 GC heap after
{Heap after GC invocations=108 (full 97):
 garbage-first heap   total 71680K, used 20068K [0x00000000c0000000, 0x0000000100000000)
  region size 1024K, 0 young (0K), 0 survivors (0K)
 Metaspace       used 45007K, committed 45696K, reserved 1114112K
  class space    used 5995K, committed 6272K, reserved 1048576K
}

Dll operation events (9 events):
Event: 0.018 Loaded shared library c:\Users\donts\.vscode\extensions\redhat.java-1.24.0-win32-x64\jre\17.0.8.1-win32-x86_64\bin\java.dll
Event: 0.753 Loaded shared library C:\Users\donts\.vscode\extensions\redhat.java-1.24.0-win32-x64\jre\17.0.8.1-win32-x86_64\bin\net.dll
Event: 0.757 Loaded shared library C:\Users\donts\.vscode\extensions\redhat.java-1.24.0-win32-x64\jre\17.0.8.1-win32-x86_64\bin\nio.dll
Event: 0.781 Loaded shared library C:\Users\donts\.vscode\extensions\redhat.java-1.24.0-win32-x64\jre\17.0.8.1-win32-x86_64\bin\zip.dll
Event: 1.183 Loaded shared library C:\Users\donts\.vscode\extensions\redhat.java-1.24.0-win32-x64\jre\17.0.8.1-win32-x86_64\bin\jimage.dll
Event: 4.827 Loaded shared library c:\Users\donts\.vscode\extensions\redhat.java-1.24.0-win32-x64\jre\17.0.8.1-win32-x86_64\bin\verify.dll
Event: 5.250 Loaded shared library C:\Users\donts\.vscode\extensions\redhat.java-1.24.0-win32-x64\jre\17.0.8.1-win32-x86_64\bin\management.dll
Event: 5.252 Loaded shared library C:\Users\donts\.vscode\extensions\redhat.java-1.24.0-win32-x64\jre\17.0.8.1-win32-x86_64\bin\management_ext.dll
Event: 6.279 Loaded shared library C:\Users\donts\.vscode\extensions\redhat.java-1.24.0-win32-x64\jre\17.0.8.1-win32-x86_64\bin\sunmscapi.dll

Deoptimization events (14 events):
Event: 3.777 Thread 0x0000024dadbb3210 DEOPT PACKING pc=0x0000024db0e26419 sp=0x000000d40d2fce20
Event: 3.777 Thread 0x0000024dadbb3210 DEOPT UNPACKING pc=0x0000024db087ace3 sp=0x000000d40d2fc300 mode 3
Event: 4.366 Thread 0x0000024dadbb3210 DEOPT PACKING pc=0x0000024db0f43f1d sp=0x000000d40d2fa710
Event: 4.366 Thread 0x0000024dadbb3210 DEOPT UNPACKING pc=0x0000024db087ace3 sp=0x000000d40d2f9c28 mode 3
Event: 5.434 Thread 0x0000024dbe9d0d40 DEOPT PACKING pc=0x0000024db1035d35 sp=0x000000d40f8fe6e0
Event: 5.434 Thread 0x0000024dbe9d0d40 DEOPT UNPACKING pc=0x0000024db087ace3 sp=0x000000d40f8fdbf8 mode 3
Event: 5.566 Thread 0x0000024dbe9cae50 DEOPT PACKING pc=0x0000024db0dd2981 sp=0x000000d40f6fdb60
Event: 5.566 Thread 0x0000024dbe9cae50 DEOPT UNPACKING pc=0x0000024db087ace3 sp=0x000000d40f6fcff0 mode 3
Event: 5.580 Thread 0x0000024dbe9d1250 DEOPT PACKING pc=0x0000024db0da8317 sp=0x000000d40faff0d0
Event: 5.580 Thread 0x0000024dbe9d1250 DEOPT UNPACKING pc=0x0000024db087ace3 sp=0x000000d40fafe528 mode 3
Event: 6.166 Thread 0x0000024dbe9d1760 DEOPT PACKING pc=0x0000024db0a1360c sp=0x000000d40fdfe590
Event: 6.166 Thread 0x0000024dbe9d1760 DEOPT UNPACKING pc=0x0000024db087ace3 sp=0x000000d40fdfda58 mode 0
Event: 163.893 Thread 0x0000024dbe98e9b0 DEOPT PACKING pc=0x0000024db0ea3dd4 sp=0x000000d40f5feed0
Event: 163.893 Thread 0x0000024dbe98e9b0 DEOPT UNPACKING pc=0x0000024db087ace3 sp=0x000000d40f5fe378 mode 0

Classes unloaded (20 events):
Event: 76.513 Thread 0x0000024dbd01a580 Unloading class 0x0000000100225c00 'java/lang/invoke/LambdaForm$MH+0x0000000100225c00'
Event: 76.513 Thread 0x0000024dbd01a580 Unloading class 0x0000000100211800 'java/lang/invoke/LambdaForm$DMH+0x0000000100211800'
Event: 76.513 Thread 0x0000024dbd01a580 Unloading class 0x0000000100092000 'java/lang/invoke/LambdaForm$MH+0x0000000100092000'
Event: 76.513 Thread 0x0000024dbd01a580 Unloading class 0x0000000100091c00 'java/lang/invoke/LambdaForm$MH+0x0000000100091c00'
Event: 76.513 Thread 0x0000024dbd01a580 Unloading class 0x0000000100091800 'java/lang/invoke/LambdaForm$MH+0x0000000100091800'
Event: 76.513 Thread 0x0000024dbd01a580 Unloading class 0x0000000100091400 'java/lang/invoke/LambdaForm$MH+0x0000000100091400'
Event: 76.513 Thread 0x0000024dbd01a580 Unloading class 0x0000000100091000 'java/lang/invoke/LambdaForm$MH+0x0000000100091000'
Event: 76.513 Thread 0x0000024dbd01a580 Unloading class 0x0000000100090c00 'java/lang/invoke/LambdaForm$MH+0x0000000100090c00'
Event: 76.513 Thread 0x0000024dbd01a580 Unloading class 0x0000000100090800 'java/lang/invoke/LambdaForm$MH+0x0000000100090800'
Event: 76.513 Thread 0x0000024dbd01a580 Unloading class 0x0000000100090400 'java/lang/invoke/LambdaForm$MH+0x0000000100090400'
Event: 76.513 Thread 0x0000024dbd01a580 Unloading class 0x000000010008b800 'java/lang/invoke/LambdaForm$MH+0x000000010008b800'
Event: 76.513 Thread 0x0000024dbd01a580 Unloading class 0x000000010008b400 'java/lang/invoke/LambdaForm$MH+0x000000010008b400'
Event: 76.513 Thread 0x0000024dbd01a580 Unloading class 0x000000010008b000 'java/lang/invoke/LambdaForm$MH+0x000000010008b000'
Event: 76.513 Thread 0x0000024dbd01a580 Unloading class 0x000000010008ac00 'java/lang/invoke/LambdaForm$MH+0x000000010008ac00'
Event: 76.513 Thread 0x0000024dbd01a580 Unloading class 0x000000010008a800 'java/lang/invoke/LambdaForm$MH+0x000000010008a800'
Event: 76.513 Thread 0x0000024dbd01a580 Unloading class 0x000000010008a400 'java/lang/invoke/LambdaForm$MH+0x000000010008a400'
Event: 76.513 Thread 0x0000024dbd01a580 Unloading class 0x0000000100089c00 'java/lang/invoke/LambdaForm$MH+0x0000000100089c00'
Event: 76.513 Thread 0x0000024dbd01a580 Unloading class 0x0000000100089400 'java/lang/invoke/LambdaForm$MH+0x0000000100089400'
Event: 76.513 Thread 0x0000024dbd01a580 Unloading class 0x0000000100088c00 'java/lang/invoke/LambdaForm$MH+0x0000000100088c00'
Event: 76.513 Thread 0x0000024dbd01a580 Unloading class 0x0000000100088400 'java/lang/invoke/LambdaForm$MH+0x0000000100088400'

Classes redefined (0 events):
No events

Internal exceptions (20 events):
Event: 5.243 Thread 0x0000024dadbb3210 Exception <a 'java/lang/NoSuchMethodError'{0x00000000cde17c68}: 'java.lang.Object java.lang.invoke.DirectMethodHandle$Holder.invokeSpecial(java.lang.Object, java.lang.Object, java.lang.Object, int, java.lang.Object, int)'> (0x00000000cde17c68) 
thrown [s\src\hotspot\share\interpreter\linkResolver.cpp, line 759]
Event: 5.431 Thread 0x0000024dbe9cae50 Exception <a 'java/lang/NoSuchMethodError'{0x00000000c44fa570}: 'java.lang.Object java.lang.invoke.DirectMethodHandle$Holder.invokeStatic(java.lang.Object, int, java.lang.Object)'> (0x00000000c44fa570) 
thrown [s\src\hotspot\share\interpreter\linkResolver.cpp, line 759]
Event: 5.527 Thread 0x0000024dbe9cae50 Exception <a 'java/lang/NoSuchMethodError'{0x00000000c3e036b0}: 'int java.lang.invoke.DirectMethodHandle$Holder.invokeStatic(java.lang.Object)'> (0x00000000c3e036b0) 
thrown [s\src\hotspot\share\interpreter\linkResolver.cpp, line 759]
Event: 5.527 Thread 0x0000024dbe9cae50 Exception <a 'java/lang/NoSuchMethodError'{0x00000000c3e07000}: 'int java.lang.invoke.DirectMethodHandle$Holder.invokeStaticInit(java.lang.Object)'> (0x00000000c3e07000) 
thrown [s\src\hotspot\share\interpreter\linkResolver.cpp, line 759]
Event: 5.565 Thread 0x0000024dbe9cae50 Exception <a 'java/lang/NoSuchMethodError'{0x00000000c3d83888}: 'java.lang.Object java.lang.invoke.DirectMethodHandle$Holder.newInvokeSpecial(java.lang.Object, java.lang.Object, int)'> (0x00000000c3d83888) 
thrown [s\src\hotspot\share\interpreter\linkResolver.cpp, line 759]
Event: 5.579 Thread 0x0000024dbe9d1250 Exception <a 'sun/nio/fs/WindowsException'{0x00000000c3c724e0}> (0x00000000c3c724e0) 
thrown [s\src\hotspot\share\prims\jni.cpp, line 516]
Event: 5.698 Thread 0x0000024dbe9d1250 Exception <a 'sun/nio/fs/WindowsException'{0x00000000c39ed410}> (0x00000000c39ed410) 
thrown [s\src\hotspot\share\prims\jni.cpp, line 516]
Event: 5.698 Thread 0x0000024dbe9d1250 Exception <a 'sun/nio/fs/WindowsException'{0x00000000c39edd78}> (0x00000000c39edd78) 
thrown [s\src\hotspot\share\prims\jni.cpp, line 516]
Event: 5.699 Thread 0x0000024dbe9d1250 Exception <a 'sun/nio/fs/WindowsException'{0x00000000c39ee690}> (0x00000000c39ee690) 
thrown [s\src\hotspot\share\prims\jni.cpp, line 516]
Event: 5.699 Thread 0x0000024dbe9d1250 Exception <a 'sun/nio/fs/WindowsException'{0x00000000c39ef090}> (0x00000000c39ef090) 
thrown [s\src\hotspot\share\prims\jni.cpp, line 516]
Event: 5.699 Thread 0x0000024dbe9d1250 Exception <a 'sun/nio/fs/WindowsException'{0x00000000c39efad0}> (0x00000000c39efad0) 
thrown [s\src\hotspot\share\prims\jni.cpp, line 516]
Event: 5.699 Thread 0x0000024dbe9d1250 Exception <a 'sun/nio/fs/WindowsException'{0x00000000c39f6c50}> (0x00000000c39f6c50) 
thrown [s\src\hotspot\share\prims\jni.cpp, line 516]
Event: 5.699 Thread 0x0000024dbe9d1250 Exception <a 'sun/nio/fs/WindowsException'{0x00000000c39f75b8}> (0x00000000c39f75b8) 
thrown [s\src\hotspot\share\prims\jni.cpp, line 516]
Event: 5.699 Thread 0x0000024dbe9d1250 Exception <a 'sun/nio/fs/WindowsException'{0x00000000c39f7ed0}> (0x00000000c39f7ed0) 
thrown [s\src\hotspot\share\prims\jni.cpp, line 516]
Event: 5.699 Thread 0x0000024dbe9d1250 Exception <a 'sun/nio/fs/WindowsException'{0x00000000c39f88d0}> (0x00000000c39f88d0) 
thrown [s\src\hotspot\share\prims\jni.cpp, line 516]
Event: 5.699 Thread 0x0000024dbe9d1250 Exception <a 'sun/nio/fs/WindowsException'{0x00000000c39f9310}> (0x00000000c39f9310) 
thrown [s\src\hotspot\share\prims\jni.cpp, line 516]
Event: 6.119 Thread 0x0000024dbe9d1760 Exception <a 'java/lang/NoSuchMethodError'{0x00000000c37bdf80}: 'void java.lang.invoke.DirectMethodHandle$Holder.invokeVirtual(java.lang.Object, java.lang.Object, java.lang.Object, java.lang.Object)'> (0x00000000c37bdf80) 
thrown [s\src\hotspot\share\interpreter\linkResolver.cpp, line 759]
Event: 6.177 Thread 0x0000024dbe9d1760 Exception <a 'sun/nio/fs/WindowsException'{0x00000000c3305ba8}> (0x00000000c3305ba8) 
thrown [s\src\hotspot\share\prims\jni.cpp, line 516]
Event: 45.258 Thread 0x0000024dbe956880 Exception <a 'java/lang/NoSuchMethodError'{0x00000000c453dee8}: 'void java.lang.invoke.DirectMethodHandle$Holder.invokeStatic(java.lang.Object, long)'> (0x00000000c453dee8) 
thrown [s\src\hotspot\share\interpreter\linkResolver.cpp, line 759]
Event: 45.259 Thread 0x0000024dbe956880 Exception <a 'java/lang/NoSuchMethodError'{0x00000000c4543290}: 'java.lang.Object java.lang.invoke.DirectMethodHandle$Holder.newInvokeSpecial(java.lang.Object, long)'> (0x00000000c4543290) 
thrown [s\src\hotspot\share\interpreter\linkResolver.cpp, line 759]

VM Operations (20 events):
Event: 2542.006 Executing VM operation: G1CollectFull done
Event: 2552.235 Executing VM operation: G1CollectFull
Event: 2552.257 Executing VM operation: G1CollectFull done
Event: 2562.500 Executing VM operation: G1CollectFull
Event: 2562.519 Executing VM operation: G1CollectFull done
Event: 2572.758 Executing VM operation: G1CollectFull
Event: 2572.776 Executing VM operation: G1CollectFull done
Event: 2583.000 Executing VM operation: G1CollectFull
Event: 2583.017 Executing VM operation: G1CollectFull done
Event: 2593.252 Executing VM operation: G1CollectFull
Event: 2593.272 Executing VM operation: G1CollectFull done
Event: 2603.602 Executing VM operation: G1CollectFull
Event: 2603.622 Executing VM operation: G1CollectFull done
Event: 2613.870 Executing VM operation: G1CollectFull
Event: 2613.890 Executing VM operation: G1CollectFull done
Event: 2624.337 Executing VM operation: G1CollectFull
Event: 2624.370 Executing VM operation: G1CollectFull done
Event: 2634.820 Executing VM operation: G1CollectFull
Event: 2634.852 Executing VM operation: G1CollectFull done
Event: 2645.557 Executing VM operation: G1CollectFull

Events (20 events):
Event: 1749.347 Thread 0x0000024dbd27b0d0 Thread added: 0x0000024dbd27b0d0
Event: 1749.347 Thread 0x0000024dbe64e1a0 Thread added: 0x0000024dbe64e1a0
Event: 1754.357 Thread 0x0000024dbe64e1a0 Thread exited: 0x0000024dbe64e1a0
Event: 1759.366 Thread 0x0000024dbd27b0d0 Thread exited: 0x0000024dbd27b0d0
Event: 1759.366 Thread 0x0000024dbf090880 Thread exited: 0x0000024dbf090880
Event: 2059.992 Thread 0x0000024dbd27b0d0 Thread added: 0x0000024dbd27b0d0
Event: 2059.993 Thread 0x0000024dbe5a2370 Thread added: 0x0000024dbe5a2370
Event: 2059.993 Thread 0x0000024dbe64e1a0 Thread added: 0x0000024dbe64e1a0
Event: 2065.002 Thread 0x0000024dbe64e1a0 Thread exited: 0x0000024dbe64e1a0
Event: 2070.584 Thread 0x0000024dbe5a2370 Thread exited: 0x0000024dbe5a2370
Event: 2075.593 Thread 0x0000024dbd27b0d0 Thread exited: 0x0000024dbd27b0d0
Event: 2209.640 Thread 0x0000024dbe9d2180 Thread exited: 0x0000024dbe9d2180
Event: 2327.397 Thread 0x0000024dbe9d30b0 Thread added: 0x0000024dbe9d30b0
Event: 2391.828 Thread 0x0000024dbe64e1a0 Thread added: 0x0000024dbe64e1a0
Event: 2391.828 Thread 0x0000024dbe64e6c0 Thread added: 0x0000024dbe64e6c0
Event: 2391.828 Thread 0x0000024dbe4ba6d0 Thread added: 0x0000024dbe4ba6d0
Event: 2396.836 Thread 0x0000024dbe4ba6d0 Thread exited: 0x0000024dbe4ba6d0
Event: 2396.836 Thread 0x0000024dbe64e6c0 Thread exited: 0x0000024dbe64e6c0
Event: 2401.843 Thread 0x0000024dbe64e1a0 Thread exited: 0x0000024dbe64e1a0
Event: 2527.297 Thread 0x0000024dbe9d30b0 Thread exited: 0x0000024dbe9d30b0


Dynamic libraries:
0x00007ff7104c0000 - 0x00007ff7104ce000 	c:\Users\donts\.vscode\extensions\redhat.java-1.24.0-win32-x64\jre\17.0.8.1-win32-x86_64\bin\java.exe
0x00007ffcd6b30000 - 0x00007ffcd6d47000 	C:\WINDOWS\SYSTEM32\ntdll.dll
0x00007ffcd5b40000 - 0x00007ffcd5c04000 	C:\WINDOWS\System32\KERNEL32.DLL
0x00007ffcd3ee0000 - 0x00007ffcd4286000 	C:\WINDOWS\System32\KERNELBASE.dll
0x00007ffcd43b0000 - 0x00007ffcd44c1000 	C:\WINDOWS\System32\ucrtbase.dll
0x00007ffc8a930000 - 0x00007ffc8a949000 	c:\Users\donts\.vscode\extensions\redhat.java-1.24.0-win32-x64\jre\17.0.8.1-win32-x86_64\bin\VCRUNTIME140.dll
0x00007ffc8b430000 - 0x00007ffc8b447000 	c:\Users\donts\.vscode\extensions\redhat.java-1.24.0-win32-x64\jre\17.0.8.1-win32-x86_64\bin\jli.dll
0x00007ffcd4e10000 - 0x00007ffcd4fbd000 	C:\WINDOWS\System32\USER32.dll
0x00007ffcd3eb0000 - 0x00007ffcd3ed6000 	C:\WINDOWS\System32\win32u.dll
0x00007ffcbd480000 - 0x00007ffcbd713000 	C:\WINDOWS\WinSxS\amd64_microsoft.windows.common-controls_6595b64144ccf1df_6.0.22621.2361_none_2712ced57382f843\COMCTL32.dll
0x00007ffcd5c10000 - 0x00007ffcd5c39000 	C:\WINDOWS\System32\GDI32.dll
0x00007ffcd69c0000 - 0x00007ffcd6a67000 	C:\WINDOWS\System32\msvcrt.dll
0x00007ffcd46b0000 - 0x00007ffcd47c8000 	C:\WINDOWS\System32\gdi32full.dll
0x00007ffcd4310000 - 0x00007ffcd43aa000 	C:\WINDOWS\System32\msvcp_win.dll
0x00007ffcd5c40000 - 0x00007ffcd5c71000 	C:\WINDOWS\System32\IMM32.DLL
0x00007ffcb9360000 - 0x00007ffcb936c000 	c:\Users\donts\.vscode\extensions\redhat.java-1.24.0-win32-x64\jre\17.0.8.1-win32-x86_64\bin\vcruntime140_1.dll
0x00007ffc68a80000 - 0x00007ffc68b11000 	c:\Users\donts\.vscode\extensions\redhat.java-1.24.0-win32-x64\jre\17.0.8.1-win32-x86_64\bin\msvcp140.dll
0x00007ffc2f840000 - 0x00007ffc3048c000 	c:\Users\donts\.vscode\extensions\redhat.java-1.24.0-win32-x64\jre\17.0.8.1-win32-x86_64\bin\server\jvm.dll
0x00007ffcd5f10000 - 0x00007ffcd5fc0000 	C:\WINDOWS\System32\ADVAPI32.dll
0x00007ffcd6910000 - 0x00007ffcd69b6000 	C:\WINDOWS\System32\sechost.dll
0x00007ffcd6630000 - 0x00007ffcd6747000 	C:\WINDOWS\System32\RPCRT4.dll
0x00007ffcd2d00000 - 0x00007ffcd2d4d000 	C:\WINDOWS\SYSTEM32\POWRPROF.dll
0x00007ffcbeb80000 - 0x00007ffcbeb89000 	C:\WINDOWS\SYSTEM32\WSOCK32.dll
0x00007ffcd6220000 - 0x00007ffcd6291000 	C:\WINDOWS\System32\WS2_32.dll
0x00007ffcc1ee0000 - 0x00007ffcc1f14000 	C:\WINDOWS\SYSTEM32\WINMM.dll
0x00007ffccef80000 - 0x00007ffccef8a000 	C:\WINDOWS\SYSTEM32\VERSION.dll
0x00007ffcd2ce0000 - 0x00007ffcd2cf3000 	C:\WINDOWS\SYSTEM32\UMPDC.dll
0x00007ffcd2f40000 - 0x00007ffcd2f58000 	C:\WINDOWS\SYSTEM32\kernel.appcore.dll
0x00007ffcb8d00000 - 0x00007ffcb8d0a000 	c:\Users\donts\.vscode\extensions\redhat.java-1.24.0-win32-x64\jre\17.0.8.1-win32-x86_64\bin\jimage.dll
0x00007ffcc69b0000 - 0x00007ffcc6bde000 	C:\WINDOWS\SYSTEM32\DBGHELP.DLL
0x00007ffcd62a0000 - 0x00007ffcd662a000 	C:\WINDOWS\System32\combase.dll
0x00007ffcd5fe0000 - 0x00007ffcd60b7000 	C:\WINDOWS\System32\OLEAUT32.dll
0x00007ffcc6910000 - 0x00007ffcc6942000 	C:\WINDOWS\SYSTEM32\dbgcore.DLL
0x00007ffcd4290000 - 0x00007ffcd430a000 	C:\WINDOWS\System32\bcryptPrimitives.dll
0x00007ffc8a010000 - 0x00007ffc8a035000 	c:\Users\donts\.vscode\extensions\redhat.java-1.24.0-win32-x64\jre\17.0.8.1-win32-x86_64\bin\java.dll
0x00007ffc8a910000 - 0x00007ffc8a928000 	c:\Users\donts\.vscode\extensions\redhat.java-1.24.0-win32-x64\jre\17.0.8.1-win32-x86_64\bin\zip.dll
0x00007ffcd5030000 - 0x00007ffcd5888000 	C:\WINDOWS\System32\SHELL32.dll
0x00007ffcd1dd0000 - 0x00007ffcd26c2000 	C:\WINDOWS\SYSTEM32\windows.storage.dll
0x00007ffcd1c90000 - 0x00007ffcd1dce000 	C:\WINDOWS\SYSTEM32\wintypes.dll
0x00007ffcd4890000 - 0x00007ffcd4983000 	C:\WINDOWS\System32\SHCORE.dll
0x00007ffcd5ae0000 - 0x00007ffcd5b3e000 	C:\WINDOWS\System32\shlwapi.dll
0x00007ffcd3de0000 - 0x00007ffcd3e06000 	C:\WINDOWS\SYSTEM32\profapi.dll
0x00007ffc89ac0000 - 0x00007ffc89ad9000 	C:\Users\donts\.vscode\extensions\redhat.java-1.24.0-win32-x64\jre\17.0.8.1-win32-x86_64\bin\net.dll
0x00007ffccf1f0000 - 0x00007ffccf327000 	C:\WINDOWS\SYSTEM32\WINHTTP.dll
0x00007ffcd3410000 - 0x00007ffcd3479000 	C:\WINDOWS\system32\mswsock.dll
0x00007ffc89aa0000 - 0x00007ffc89ab5000 	C:\Users\donts\.vscode\extensions\redhat.java-1.24.0-win32-x64\jre\17.0.8.1-win32-x86_64\bin\nio.dll
0x00007ffcd3730000 - 0x00007ffcd374b000 	C:\WINDOWS\SYSTEM32\CRYPTSP.dll
0x00007ffcd2f00000 - 0x00007ffcd2f35000 	C:\WINDOWS\system32\rsaenh.dll
0x00007ffcd34b0000 - 0x00007ffcd34dc000 	C:\WINDOWS\SYSTEM32\USERENV.dll
0x00007ffcd3850000 - 0x00007ffcd3878000 	C:\WINDOWS\SYSTEM32\bcrypt.dll
0x00007ffcd3710000 - 0x00007ffcd371c000 	C:\WINDOWS\SYSTEM32\CRYPTBASE.dll
0x00007ffcd29e0000 - 0x00007ffcd2a0d000 	C:\WINDOWS\SYSTEM32\IPHLPAPI.DLL
0x00007ffcd5df0000 - 0x00007ffcd5df9000 	C:\WINDOWS\System32\NSI.dll
0x00007ffccf1d0000 - 0x00007ffccf1e9000 	C:\WINDOWS\SYSTEM32\dhcpcsvc6.DLL
0x00007ffccf1b0000 - 0x00007ffccf1cf000 	C:\WINDOWS\SYSTEM32\dhcpcsvc.DLL
0x00007ffcd2a10000 - 0x00007ffcd2b09000 	C:\WINDOWS\SYSTEM32\DNSAPI.dll
0x00007ffcb8c60000 - 0x00007ffcb8c70000 	c:\Users\donts\.vscode\extensions\redhat.java-1.24.0-win32-x64\jre\17.0.8.1-win32-x86_64\bin\verify.dll
0x00007ffcc62d0000 - 0x00007ffcc62d9000 	C:\Users\donts\.vscode\extensions\redhat.java-1.24.0-win32-x64\jre\17.0.8.1-win32-x86_64\bin\management.dll
0x00007ffcc5d50000 - 0x00007ffcc5d5b000 	C:\Users\donts\.vscode\extensions\redhat.java-1.24.0-win32-x64\jre\17.0.8.1-win32-x86_64\bin\management_ext.dll
0x00007ffcd5ad0000 - 0x00007ffcd5ad8000 	C:\WINDOWS\System32\PSAPI.DLL
0x00007ffcc5d60000 - 0x00007ffcc5d6e000 	C:\Users\donts\.vscode\extensions\redhat.java-1.24.0-win32-x64\jre\17.0.8.1-win32-x86_64\bin\sunmscapi.dll
0x00007ffcd44d0000 - 0x00007ffcd4636000 	C:\WINDOWS\System32\CRYPT32.dll
0x00007ffcd3820000 - 0x00007ffcd384d000 	C:\WINDOWS\SYSTEM32\ncrypt.dll
0x00007ffcd37e0000 - 0x00007ffcd3817000 	C:\WINDOWS\SYSTEM32\NTASN1.dll
0x00007ffccb610000 - 0x00007ffccb61a000 	C:\Windows\System32\rasadhlp.dll
0x00007ffcce3d0000 - 0x00007ffcce454000 	C:\WINDOWS\System32\fwpuclnt.dll

dbghelp: loaded successfully - version: 4.0.5 - missing functions: none
symbol engine: initialized successfully - sym options: 0x614 - pdb path: .;c:\Users\donts\.vscode\extensions\redhat.java-1.24.0-win32-x64\jre\17.0.8.1-win32-x86_64\bin;C:\WINDOWS\SYSTEM32;C:\WINDOWS\WinSxS\amd64_microsoft.windows.common-controls_6595b64144ccf1df_6.0.22621.2361_none_2712ced57382f843;c:\Users\donts\.vscode\extensions\redhat.java-1.24.0-win32-x64\jre\17.0.8.1-win32-x86_64\bin\server

VM Arguments:
jvm_args: -XX:+HeapDumpOnOutOfMemoryError -Xmx1024m -Dsts.lsp.client=vscode -Dsts.log.file=/dev/null -XX:TieredStopAtLevel=1 -Xlog:jni+resolve=off -Dspring.config.location=file:c:\Users\donts\.vscode\extensions\vmware.vscode-spring-boot-1.49.0\language-server\BOOT-INF\classes\application.properties 
java_command: org.springframework.ide.vscode.boot.app.BootLanguageServerBootApp
java_class_path (initial): c:\Users\donts\.vscode\extensions\vmware.vscode-spring-boot-1.49.0\language-server\BOOT-INF\classes;c:\Users\donts\.vscode\extensions\vmware.vscode-spring-boot-1.49.0\language-server\BOOT-INF\lib\annotations-24.0.1.jar;c:\Users\donts\.vscode\extensions\vmware.vscode-spring-boot-1.49.0\language-server\BOOT-INF\lib\antlr-runtime-3.5.3.jar;c:\Users\donts\.vscode\extensions\vmware.vscode-spring-boot-1.49.0\language-server\BOOT-INF\lib\antlr4-4.11.1.jar;c:\Users\donts\.vscode\extensions\vmware.vscode-spring-boot-1.49.0\language-server\BOOT-INF\lib\antlr4-runtime-4.11.1.jar;c:\Users\donts\.vscode\extensions\vmware.vscode-spring-boot-1.49.0\language-server\BOOT-INF\lib\archunit-1.1.0.jar;c:\Users\donts\.vscode\extensions\vmware.vscode-spring-boot-1.49.0\language-server\BOOT-INF\lib\asm-9.5.jar;c:\Users\donts\.vscode\extensions\vmware.vscode-spring-boot-1.49.0\language-server\BOOT-INF\lib\asm-analysis-9.5.jar;c:\Users\donts\.vscode\extensions\vmware.vscode-spring-boot-1.49.0\language-server\BOOT-INF\lib\asm-tree-9.5.jar;c:\Users\donts\.vscode\extensions\vmware.vscode-spring-boot-1.49.0\language-server\BOOT-INF\lib\asm-util-9.5.jar;c:\Users\donts\.vscode\extensions\vmware.vscode-spring-boot-1.49.0\language-server\BOOT-INF\lib\bosh-language-server-1.49.0-SNAPSHOT.jar;c:\Users\donts\.vscode\extensions\vmware.vscode-spring-boot-1.49.0\language-server\BOOT-INF\lib\caffeine-3.1.6.jar;c:\Users\donts\.vscode\extensions\vmware.vscode-spring-boot-1.49.0\language-server\BOOT-INF\lib\checker-qual-3.12.0.jar;c:\Users\donts\.vscode\extensions\vmware.vscode-spring-boot-1.49.0\language-server\BOOT-INF\lib\classgraph-4.8.149.jar;c:\Users\donts\.vscode\extensions\vmware.vscode-spring-boot-1.49.0\language-server\BOOT-INF\lib\commons-codec-1.15.jar;c:\Users\donts\.vscode\extensions\vmware.vscode-spring-boot-1.49.0\language-server\BOOT-INF\lib\commons-compress-1.23.0.jar;c:\Users\donts\.vscode\extensions\vmware.vscode-spring-boot-1.49.0\language-server\BOOT-INF\lib\
Launcher Type: SUN_STANDARD

[Global flags]
     intx CICompilerCount                          = 4                                         {product} {ergonomic}
     uint ConcGCThreads                            = 3                                         {product} {ergonomic}
     uint G1ConcRefinementThreads                  = 10                                        {product} {ergonomic}
   size_t G1HeapRegionSize                         = 1048576                                   {product} {ergonomic}
    uintx GCDrainStackTargetSize                   = 64                                        {product} {ergonomic}
     bool HeapDumpOnOutOfMemoryError               = true                                   {manageable} {command line}
   size_t InitialHeapSize                          = 264241152                                 {product} {ergonomic}
   size_t MarkStackSize                            = 4194304                                   {product} {ergonomic}
   size_t MaxHeapSize                              = 1073741824                                {product} {command line}
   size_t MaxNewSize                               = 643825664                                 {product} {ergonomic}
   size_t MinHeapDeltaBytes                        = 1048576                                   {product} {ergonomic}
   size_t MinHeapSize                              = 8388608                                   {product} {ergonomic}
    uintx NonProfiledCodeHeapSize                  = 0                                      {pd product} {ergonomic}
     bool ProfileInterpreter                       = false                                  {pd product} {command line}
    uintx ProfiledCodeHeapSize                     = 0                                      {pd product} {ergonomic}
   size_t SoftMaxHeapSize                          = 1073741824                             {manageable} {ergonomic}
     intx TieredStopAtLevel                        = 1                                         {product} {command line}
     bool UseCompressedClassPointers               = true                           {product lp64_product} {ergonomic}
     bool UseCompressedOops                        = true                           {product lp64_product} {ergonomic}
     bool UseG1GC                                  = true                                      {product} {ergonomic}
     bool UseLargePagesIndividualAllocation        = false                                  {pd product} {ergonomic}

Logging:
Log output configuration:
 #0: stdout all=warning,jni+resolve=off uptime,level,tags
 #1: stderr all=off uptime,level,tags

Environment Variables:
JAVA_HOME=C:\Dev\tools\java\jdk-11
CLASSPATH=C:\Dev\tools\java\jdk-11\lib
PATH=C:\Dev\tools\java\jdk-11\bin;C:\Program Files\Common Files\Oracle\Java\javapath;C:\WINDOWS\system32;C:\WINDOWS;C:\WINDOWS\System32\Wbem;C:\WINDOWS\System32\WindowsPowerShell\v1.0\;C:\WINDOWS\System32\OpenSSH\;C:\Program Files\dotnet\;C:\Program Files\Git\cmd;C:\Program Files\MongoDB\Server\6.0\bin;C:\Program Files\PuTTY\;C:\Program Files\nodejs\;C:\Dev\tools\flutter\bin;C:\Dev\tools\flutter\bin;C:\Visual Code\Microsoft VS Code\bin;C:\Users\donts\.dotnet\tools;C:\Users\donts\AppData\Local\GitHubDesktop\bin;C:\Program Files\nodejs\node_modules\npm\bin;
USERNAME=jaehooo
OS=Windows_NT
PROCESSOR_IDENTIFIER=Intel64 Family 6 Model 167 Stepping 1, GenuineIntel
TMP=C:\Users\donts\AppData\Local\Temp
TEMP=C:\Users\donts\AppData\Local\Temp



---------------  S Y S T E M  ---------------

OS:
 Windows 11 , 64 bit Build 22621 (10.0.22621.2428)
OS uptime: 13 days 8:09 hours
Hyper-V role detected

CPU: total 12 (initial active 12) (6 cores per cpu, 2 threads per core) family 6 model 167 stepping 1 microcode 0x54, cx8, cmov, fxsr, ht, mmx, 3dnowpref, sse, sse2, sse3, ssse3, sse4.1, sse4.2, popcnt, lzcnt, tsc, tscinvbit, avx, avx2, aes, erms, clmul, bmi1, bmi2, adx, avx512f, avx512dq, avx512cd, avx512bw, avx512vl, sha, fma, vzeroupper, avx512_vpopcntdq, avx512_vpclmulqdq, avx512_vaes, avx512_vnni, clflush, clflushopt, avx512_vbmi2, avx512_vbmi, hv
Processor Information for all 12 processors :
  Max Mhz: 2712, Current Mhz: 2712, Mhz Limit: 2712

Memory: 4k page, system-wide physical 16080M (2516M free)
TotalPageFile size 22480M (AvailPageFile size 16M)
current process WorkingSet (physical memory assigned to process): 104M, peak: 187M
current process commit charge ("private bytes"): 221M, peak: 367M

vm_info: OpenJDK 64-Bit Server VM (17.0.8.1+1) for windows-amd64 JRE (17.0.8.1+1), built on Aug 23 2023 15:29:17 by "admin" with MS VC++ 16.7 (VS2019)

END.
